STANDARD PILOT LOG

FS2000
  DATE     AIRCRAFT MODEL                   TO/FROM/REMARKS             DAY  NIGHT  INST.  TOTAL

2023/5/6   gmaxf8617                                                    0.1    0.0    0.0    0.1
2023/5/16  VF-5B Freedom Fighter                                        0.1    0.0    0.0    0.1
2023/6/12  Cessna Skylane 182R RG Paint2                                0.2    0.0    0.0    0.2
2023/6/13  Cessna Skylane 182R RG Paint2                                0.1    0.0    0.0    0.1
2023/6/13  Cessna Skylane 182R RG Paint4                                0.1    0.0    0.0    0.1
2023/6/14  Cessna Skylane 182R RG Paint2                                0.2    0.0    0.0    0.2
2023/6/14  Cessna Skylane 182R RG Paint4                                0.1    0.0    0.0    0.1
2023/6/15  Cessna Skylane 182R RG Paint4                                0.1    0.0    0.0    0.1
2023/6/18  Cessna Skylane 182R RG Paint2                                0.3    0.0    0.0    0.3
2023/6/25  Spitfire Mk24                                                0.1    0.0    0.0    0.1
2023/7/2   Cessna Skylane 182R RG Paint4                                1.2    0.0    0.0    1.2
2023/7/2   Cessna Skylane 182R RG Paint4                                0.1    0.0    0.0    0.1
2023/7/4   Spitfire Mk24                                                0.2    0.0    0.0    0.2
2023/7/12  VF-5B Freedom Fighter                                        0.1    0.0    0.0    0.1
2023/7/15  Cessna Skylane 182R RG Paint2                                0.2    0.0    0.0    0.2
2023/7/16  Cessna Skylane 182R RG Paint4                                0.2    0.0    0.0    0.2
2023/8/18  SIAI-Marchetti SF.260 G-AERO                                 0.3    0.0    0.0    0.3
2023/8/23  Cessna Skylane 182R RG Paint4                                1.7    0.0    0.0    1.7
2023/9/16  Cessna Skylane 182R RG Paint4                                0.2    0.0    0.0    0.2
2023/9/17  Cessna Skylane 182R RG Paint4                                0.2    0.0    0.0    0.2
2023/9/18  Cessna Skyhawk 172SP Paint2                                  0.1    0.0    0.0    0.1
2023/10/29 Cessna Skylane 182R RG Paint2                                0.2    0.0    0.0    0.2
2023/12/18 PC-7 FAU                                                     0.1    0.0    0.0    0.1
2024/1/2   BAe Hawk T-45C BDU-33 (USMC)                                 0.1    0.0    0.0    0.1
2024/1/5   BAe Hawk T-45C BDU-33 (USMC)                                 0.1    0.0    0.0    0.1
2024/1/6   BAe Hawk T-45C BDU-33 (USMC)                                 0.1    0.0    0.0    0.1
2024/1/7   BAe Hawk T-45C Blue Angels                                   0.5    0.0    0.0    0.5
2024/1/24  Cessna Skylane 182R RG Paint4                                0.1    0.0    0.0    0.1
2024/2/18  Cessna Skylane 182R RG Paint2                                0.2    0.0    0.0    0.2
2024/2/26  Cessna Skylane 182R RG Paint4                                0.5    0.0    0.0    0.5
2024/3/4   Cessna Skylane 182R RG Paint4                                0.4    0.0    0.0    0.4
2024/3/9   Cessna Skylane 182R RG Paint4                                0.6    0.0    0.0    0.6
2024/3/24  Cessna Skylane 182R RG Paint4                                0.2    0.0    0.0    0.2
2024/3/25  Cessna Skylane 182R RG Paint4                                0.4    0.0    0.0    0.4
2024/4/6   Cessna Skylane 182R RG Paint4                                0.1    0.0    0.0    0.1
2024/4/14  Cessna Skylane 182R RG Paint4                                0.0    0.2    0.0    0.2
2024/4/16  Cessna Skylane 182R RG Paint4                                0.0    0.3    0.0    0.3
2024/4/16  BAe  Hawk T-45C Clean (USMC)                                 0.2    0.0    0.0    0.2
2024/4/22  BAe  Hawk T-45C Clean (USMC)                KORD-KCGX        0.1    0.0    0.0    0.1
2024/4/24  Cessna Skylane 182R RG Paint2                                0.1    0.0    0.0    0.1
2024/5/7   F4U7 14F6                                                    0.1    0.0    0.0    0.1
2024/5/7   F4U7 15F22                                                   0.4    0.0    0.0    0.4
2024/5/9   F4U7 14F6                                                    0.4    0.0    0.0    0.4
2024/5/17  F4U7 14F6                                   VHHH-VHHX        0.2    0.0    0.0    0.2
2024/5/26  Cessna Skylane 182R RG Paint4              Iceland tour      0.3    0.0    0.0    0.3
2024/9/11  Yak-38 "Forger-A"                                            0.1    0.0    0.0    0.1
2024/9/12  ALPHA Harrer AV-8B                                           0.1    0.0    0.0    0.1
2024/9/12  ALPHA Harrer AV-8B                                           0.1    0.0    0.0    0.1
2024/9/12  IRIS JSF - VMA513/Clean                                      0.1    0.0    0.0    0.1
2024/9/12  IRIS JSF - VMA214/Clean                                      0.2    0.0    0.0    0.2
2024/9/17  IRIS JSF - VMA214/Clean                                      0.1    0.0    0.0    0.1
2024/9/17  IRIS JSF - 1Sqn/Clean                                        0.1    0.0    0.0    0.1
2024/9/18  IRIS JSF - 1Sqn/Clean                                        0.1    0.0    0.0    0.1
2024/9/20  IRIS JSF - 1Sqn/Clean                                        0.3    0.0    0.0    0.3
2024/9/23  IRIS JSF - 1Sqn/Clean                                        0.1    0.0    0.0    0.1
2024/9/24  IRIS JSF - VMA211/Clean                                      0.2    0.0    0.0    0.2
2024/9/25  Cessna Skylane 182R RG Paint4                                0.1    0.0    0.0    0.1
2024/9/26  IRIS JSF - 1Sqn/Clean                                        0.3    0.0    0.0    0.3
2024/9/28  IRIS JSF - 1Sqn/Clean                                        0.1    0.0    0.0    0.1
2024/9/29  IRIS JSF - VMA513/Clean                                      0.2    0.0    0.0    0.2
2024/9/29  Cessna Skylane 182R RG Paint4                                0.3    0.0    0.0    0.3
2024/10/3  F-86 Sabre 08                                                0.2    0.0    0.0    0.2
2024/10/8  PC-21 First Prototype                                        0.1    0.0    0.0    0.1
2024/10/9  Cessna Skyhawk 172SP Paint2                                  2.4    0.0    0.0    2.4
2024/10/9  PC-21 First Prototype                                        0.1    0.0    0.0    0.1
2024/10/23 Cessna Skylane 182R RG Paint4                                0.2    0.0    0.0    0.2
2024/10/30 IRIS JSF - 1Sqn/Clean                                        0.1    0.0    0.0    0.1
2024/11/1  Cessna Skylane 182R RG Paint4                                0.1    0.0    0.0    0.1
2024/11/4  Cessna Skylane 182R RG Paint4                                0.9    0.0    0.1    0.9
2024/11/17 Cessna Skylane 182R RG Shizuku 2                             0.2    0.0    0.0    0.2
2024/12/1  Cessna Skylane 182R RG Shizuku 2                             0.1    0.0    0.0    0.1
2024/12/1  Cessna Skylane 182R RG Shizuku 2                             0.2    0.0    0.0    0.2
2025/1/19  Cessna Skylane 182R RG Shizuku 2                             0.1    0.0    0.0    0.1
2025/1/19  IRIS JSF - Nekoha Shizuku                                    0.2    0.0    0.0    0.2
2025/2/19  Cessna Skylane 182R RG Shizuku 2                             0.3    0.0    0.0    0.3
2025/2/25  Robinson R22 Nekoha Shizuku                                  0.1    0.0    0.0    0.1
2025/2/25  Robinson R22 Nekoha Shizuku                                  0.2    0.0    0.0    0.2
2025/2/26  Robinson R22 Nekoha Shizuku                                  0.1    0.0    0.0    0.1
2025/3/10  Robinson R22 Nekoha Shizuku                                  0.1    0.0    0.0    0.1
2025/3/23  Robinson R22 Nekoha Shizuku                                  0.2    0.0    0.0    0.2
2025/4/5   ATR 72-600 snow miku                                         0.2    0.0    0.0    0.2
2025/4/6   F4U7 Shizuku                                                 0.1    0.0    0.0    0.1
2025/4/6   Robinson R22 Nekoha Shizuku                                  0.2    0.0    0.0    0.2
2025/4/10  Cessna Skylane 182R RG Shizuku 2                             0.1    0.0    0.0    0.1
2025/4/11  Robinson R22 Nekoha Shizuku                                  0.1    0.0    0.0    0.1
2025/4/12  Robinson R22 Nekoha Shizuku                                  0.1    0.0    0.0    0.1
2025/4/13  Robinson R22 Nekoha Shizuku                                  0.1    0.0    0.0    0.1
2025/4/13  Cessna Skylane 182R RG Shizuku 2                             0.1    0.0    0.0    0.1
2025/4/14  Cessna Skylane 182R RG Shizuku 2                             0.3    0.0    0.0    0.3
2025/4/14  Robinson R22 Nekoha Shizuku                                  0.1    0.0    0.0    0.1
2025/4/14  PC-21 First Prototype                                        0.1    0.0    0.0    0.1
2025/4/15  ATR 72-600 snow miku                                         0.1    0.0    0.0    0.1
2025/4/16   obinson R22 Nekoha Shizuku                                  0.2    0.0    0.0    0.2
2025/4/17  Cessna Skylane 182R RG Shizuku 2                             0.2    0.0    0.0    0.2
2025/4/19  Cessna Skylane 182R RG Shizuku 2                             0.1    0.0    0.0    0.1
2025/4/20  PC-21 Nekoha Shizuku                                         0.1    0.0    0.0    0.1
2025/4/22  PC-21 Nekoha Shizuku                                         0.2    0.0    0.0    0.2
2025/4/24  PC-21 Nekoha Shizuku                                         0.1    0.0    0.0    0.1
2025/4/28  PC-21 Nekoha Shizuku                                         0.1    0.0    0.0    0.1
2025/4/28  PC-21 Nekoha Shizuku                                         0.1    0.0    0.0    0.1
2025/4/29  C-21 Nekoha Shizuku                                          0.1    0.0    0.0    0.1
2025/4/29  Robinson R22 Nekoha Shizuku                                  0.1    0.0    0.0    0.1
2025/5/1   BAe Hawk T-45C Nekoha Shizuku                                0.2    0.0    0.0    0.2
2025/5/2   BAe Hawk T-45C Nekoha Shizuku                                0.2    0.0    0.0    0.2
2025/5/3   BAe Hawk T-45C Nekoha Shizuku                                0.3    0.0    0.0    0.3
2025/5/5   Robinson R22 Nekoha Shizuku                                  0.1    0.0    0.0    0.1
2025/5/27  Cessna Skylane 182R RG Shizuku 2                             0.1    0.0    0.0    0.1
2025/5/28  Robinson R22 Nekoha Shizuku                                  0.1    0.0    0.0    0.1
2025/5/29  Cessna Skylane 182R RG Shizuku 2                             0.3    0.0    0.0    0.3
2025/5/31  Robinson R22 Nekoha Shizuku                                  0.1    0.0    0.0    0.1
2025/6/2   BAe Hawk T-45C Nekoha Shizuku                                0.1    0.0    0.0    0.1
2025/6/10  Cessna Skylane 182R RG Shizuku 2                             0.2    0.0    0.0    0.2
2025/6/12  Cessna Skylane 182R RG Shizuku 2                             0.1    0.0    0.0    0.1
2025/6/13  Robinson R22 Nekoha Shizuku                                  0.1    0.0    0.0    0.1
2025/6/14  Robinson R22 Nekoha Shizuku                                  0.1    0.0    0.0    0.1
2025/6/14  Robinson R22 Nekoha Shizuku                                  0.2    0.0    0.0    0.2
2025/6/17  Cessna Skylane 182R RG Shizuku 2                             0.2    0.0    0.0    0.2
2025/6/19  Cessna Skylane 182R RG Shizuku 2                             0.2    0.0    0.0    0.2
2025/7/10  Cessna Skylane 182R RG Shizuku 3                             0.5    0.0    0.0    0.5
2025/7/10  Cessna Skylane 182R RG Shizuku 3                             0.1    0.0    0.0    0.1
2025/7/11  Cessna Skylane 182R RG Shizuku 3                             0.1    0.0    0.0    0.1
2025/7/12  Cessna Skylane 182R RG Shizuku 3                             0.3    0.0    0.0    0.3
2025/7/13  Cessna Skylane 182R RG Shizuku 3                             0.2    0.0    0.0    0.2
2025/7/18  Cessna Skylane 182R RG Shizuku 3                             0.2    0.0    0.0    0.2
2025/7/20  Cessna Skylane 182R RG Shizuku 3                             0.1    0.0    0.0    0.1
2025/7/23  Cessna P210T Nekoha Shizuku                                  0.1    0.0    0.0    0.1
2025/8/3   Cessna P210T Nekoha Shizuku                                  0.5    0.0    0.0    0.5
2025/8/3   Cessna P210T Nekoha Shizuku                                  0.2    0.0    0.0    0.2
2025/8/14  Cessna P210T Tsumugi Wenders                                 0.1    0.0    0.0    0.1
2025/8/14  Cessna P210T Tsumugi Wenders                                 0.1    0.0    0.0    0.1
2025/8/17  Cessna P210T Tsumugi Wenders                                 0.3    0.0    0.0    0.3
2025/8/21  Cessna P210T Tsumugi Wenders                                 0.2    0.0    0.0    0.2
2025/8/22  Cessna P210T Tsumugi Wenders                                 0.1    0.0    0.0    0.1
2025/8/23  Cessna P210T Tsumugi Wenders 3                               0.2    0.0    0.0    0.2
2025/8/26  Robinson R22 Tsumugi Wenders                                 0.1    0.0    0.0    0.1
2025/8/26  Robinson R22 Tsumugi Wenders                                 0.2    0.0    0.0    0.2
2025/8/31  Robinson R22 Tsumugi Wenders                                 0.2    0.0    0.0    0.2
2025/8/31  Robinson R22 Tsumugi Wenders                                 0.2    0.0    0.0    0.2
2025/8/31  Cessna Skyhawk 172SP Paint2                                  0.2    0.0    0.0    0.2
2025/8/31  Cessna Skyhawk 172SP Paint2                                  0.2    0.0    0.0    0.2
2025/8/31  Robinson R22 Tsumugi Wenders                                 0.1    0.0    0.0    0.1
2025/8/31  Robinson R22 Tsumugi Wenders                                 0.2    0.0    0.0    0.2
2025/8/31  Robinson R22 Tsumugi Wenders                                 0.1    0.0    0.0    0.1
2025/8/31  Cessna Skyhawk 172SP Paint2                                  0.2    0.0    0.0    0.2
2025/8/31  Robinson R22 Tsumugi Wenders                                 0.1    0.0    0.0    0.1
2025/9/1   Robinson R22 Tsumugi Wenders                                 0.3    0.0    0.0    0.3
2025/9/7   Barnett Barnett1solo Shizuku                                 0.2    0.0    0.0    0.2
2025/9/7   Barnett Barnett1solo Shizuku                                 0.1    0.0    0.0    0.1
2025/9/7   Barnett Barnett1solo Shizuku                                 0.1    0.0    0.0    0.1
2025/9/12  Barnett Barnett1solo Tsumugi                                 0.5    0.0    0.0    0.5
2025/9/15  Barnett Barnett1solo Tsumugi                                 0.1    0.0    0.0    0.1
2025/9/16  Barnett Barnett1solo Tsumugi                                 0.1    0.0    0.0    0.1
2025/9/16  Barnett Barnett1solo Tsumugi                                 0.2    0.0    0.0    0.2
2025/9/21  Barnett Barnett1solo Tsumugi                                 0.1    0.0    0.0    0.1
2025/10/7  Robinson R22 Tsumugi Wenders                                 0.1    0.0    0.0    0.1
2025/10/8  Robinson R22 Tsumugi Wenders                                 0.1    0.0    0.0    0.1
2025/10/11 Robinson R22 Nekoha Shizuku 2                                0.1    0.0    0.0    0.1
2025/10/22 Barnett barnett3n2260q Nacho                                 0.1    0.0    0.0    0.1
2025/10/23 Barnett barnett3n2260q Nacho                                 0.4    0.0    0.0    0.4
2025/10/25 Barnett barnett3n2260q Nacho                                 0.1    0.0    0.0    0.1
2025/10/26 Robinson R22 Nacho Neko                                      0.1    0.0    0.0    0.1
2025/10/26 Barnett barnett3n2260q Nacho                                 0.3    0.0    0.0    0.3
2025/10/26 Barnett barnett3n2260q Nacho                                 0.2    0.0    0.0    0.2
2025/10/28 Barnett barnett3n2260q Nacho                                 0.2    0.0    0.0    0.2
2025/11/8  Cessna P210T Nekoha Shizuku 2                                0.6    0.0    0.0    0.6
2025/11/11 Cessna P210T Nekoha Shizuku 2                                0.1    0.0    0.0    0.1
2025/11/11 Robinson R22 Nekoha Shizuku 2                                0.4    0.0    0.0    0.4
2025/11/11 Barnett barnett3n2260q Nacho                                 0.1    0.0    0.0    0.1
2025/11/13 Robinson R22 Nekoha Shizuku 2                                0.2    0.0    0.0    0.2
2025/11/13 Beechcraft Bonanza V35B Nekoha S                             0.1    0.0    0.0    0.1
2025/11/14 Beechcraft Bonanza V35B Nacho Ne                             0.2    0.0    0.0    0.2
2025/11/15 Beechcraft Bonanza V35B Nacho Ne                             0.1    0.0    0.0    0.1
2025/11/26 Robinson R22 Nekoha Shizuku 2                                0.3    0.0    0.0    0.3
2025/11/29 Beechcraft Bonanza V35B Nekoha S                             0.2    0.0    0.0    0.2

TOTALS                                                                 36.0    0.5    0.1   36.5
